{"/Users/mattshull/Documents/Projects/nuxt-starter-kit-v2/components/Button.vue": {"path":"/Users/mattshull/Documents/Projects/nuxt-starter-kit-v2/components/Button.vue","statementMap":{"0":{"start":{"line":6,"column":15},"end":{"line":null,"column":-1}},"1":{"start":{"line":6,"column":21},"end":{"line":null,"column":-1}}},"fnMap":{"0":{"name":"_default","decl":{"start":{"line":6,"column":15},"end":{"line":null,"column":-1}},"loc":{"start":{"line":6,"column":15},"end":{"line":null,"column":-1}}},"1":{"name":"(anonymous_1)","decl":{"start":{"line":6,"column":21},"end":{"line":null,"column":-1}},"loc":{"start":{"line":6,"column":21},"end":{"line":6,"column":15}}}},"branchMap":{},"s":{"0":4,"1":0},"f":{"0":4,"1":0},"b":{}}
,"/Users/mattshull/Documents/Projects/nuxt-starter-kit-v2/layouts/default.vue": {"path":"/Users/mattshull/Documents/Projects/nuxt-starter-kit-v2/layouts/default.vue","statementMap":{"0":{"start":{"line":2,"column":0},"end":{"line":null,"column":-1}}},"fnMap":{},"branchMap":{},"s":{"0":1},"f":{},"b":{}}
,"/Users/mattshull/Documents/Projects/nuxt-starter-kit-v2/layouts/error.vue": {"path":"/Users/mattshull/Documents/Projects/nuxt-starter-kit-v2/layouts/error.vue","statementMap":{"0":{"start":{"line":3,"column":0},"end":{"line":5,"column":3}},"1":{"start":{"line":6,"column":0},"end":{"line":8,"column":2}},"2":{"start":{"line":10,"column":23},"end":{"line":10,"column":101}},"3":{"start":{"line":12,"column":0},"end":{"line":37,"column":2}},"4":{"start":{"line":13,"column":12},"end":{"line":13,"column":16}},"5":{"start":{"line":15,"column":11},"end":{"line":15,"column":29}},"6":{"start":{"line":17,"column":11},"end":{"line":17,"column":29}},"7":{"start":{"line":19,"column":2},"end":{"line":36,"column":53}},"8":{"start":{"line":39,"column":0},"end":{"line":39,"column":38}}},"fnMap":{"0":{"name":"render","decl":{"start":{"line":12,"column":35},"end":{"line":12,"column":41}},"loc":{"start":{"line":12,"column":44},"end":{"line":37,"column":1}},"line":12}},"branchMap":{"0":{"loc":{"start":{"line":10,"column":23},"end":{"line":10,"column":101}},"type":"cond-expr","locations":[{"start":{"line":10,"column":62},"end":{"line":10,"column":84}},{"start":{"line":10,"column":87},"end":{"line":10,"column":101}}],"line":10},"1":{"loc":{"start":{"line":17,"column":11},"end":{"line":17,"column":29}},"type":"binary-expr","locations":[{"start":{"line":17,"column":11},"end":{"line":17,"column":23}},{"start":{"line":17,"column":27},"end":{"line":17,"column":29}}],"line":17},"2":{"loc":{"start":{"line":31,"column":76},"end":{"line":36,"column":47}},"type":"cond-expr","locations":[{"start":{"line":31,"column":107},"end":{"line":36,"column":36}},{"start":{"line":36,"column":39},"end":{"line":36,"column":47}}],"line":31}},"s":{"0":0,"1":0,"2":0,"3":0,"4":0,"5":0,"6":0,"7":0,"8":0},"f":{"0":0},"b":{"0":[0,0],"1":[0,0],"2":[0,0]}}
,"/Users/mattshull/Documents/Projects/nuxt-starter-kit-v2/pages/_id.vue": {"path":"/Users/mattshull/Documents/Projects/nuxt-starter-kit-v2/pages/_id.vue","statementMap":{"0":{"start":{"line":3,"column":0},"end":{"line":5,"column":3}},"1":{"start":{"line":7,"column":13},"end":{"line":7,"column":39}},"2":{"start":{"line":9,"column":14},"end":{"line":9,"column":44}},"3":{"start":{"line":11,"column":39},"end":{"line":11,"column":93}},"4":{"start":{"line":13,"column":0},"end":{"line":30,"column":2}},"5":{"start":{"line":16,"column":17},"end":{"line":16,"column":28}},"6":{"start":{"line":17,"column":16},"end":{"line":17,"column":26}},"7":{"start":{"line":19,"column":4},"end":{"line":23,"column":7}},"8":{"start":{"line":20,"column":6},"end":{"line":20,"column":32}},"9":{"start":{"line":22,"column":6},"end":{"line":22,"column":60}},"10":{"start":{"line":26,"column":4},"end":{"line":28,"column":6}},"11":{"start":{"line":32,"column":23},"end":{"line":32,"column":101}},"12":{"start":{"line":34,"column":0},"end":{"line":59,"column":2}},"13":{"start":{"line":35,"column":12},"end":{"line":35,"column":16}},"14":{"start":{"line":37,"column":11},"end":{"line":37,"column":29}},"15":{"start":{"line":39,"column":11},"end":{"line":39,"column":29}},"16":{"start":{"line":41,"column":2},"end":{"line":58,"column":39}},"17":{"start":{"line":61,"column":0},"end":{"line":61,"column":38}}},"fnMap":{"0":{"name":"_interopRequireDefault","decl":{"start":{"line":11,"column":9},"end":{"line":11,"column":31}},"loc":{"start":{"line":11,"column":37},"end":{"line":11,"column":95}},"line":11},"1":{"name":"asyncData","decl":{"start":{"line":15,"column":22},"end":{"line":15,"column":31}},"loc":{"start":{"line":15,"column":38},"end":{"line":24,"column":3}},"line":15},"2":{"name":"(anonymous_2)","decl":{"start":{"line":19,"column":63},"end":{"line":19,"column":64}},"loc":{"start":{"line":19,"column":78},"end":{"line":21,"column":5}},"line":19},"3":{"name":"(anonymous_3)","decl":{"start":{"line":21,"column":13},"end":{"line":21,"column":14}},"loc":{"start":{"line":21,"column":26},"end":{"line":23,"column":5}},"line":21},"4":{"name":"head","decl":{"start":{"line":25,"column":17},"end":{"line":25,"column":21}},"loc":{"start":{"line":25,"column":24},"end":{"line":29,"column":3}},"line":25},"5":{"name":"render","decl":{"start":{"line":34,"column":35},"end":{"line":34,"column":41}},"loc":{"start":{"line":34,"column":44},"end":{"line":59,"column":1}},"line":34}},"branchMap":{"0":{"loc":{"start":{"line":11,"column":46},"end":{"line":11,"column":92}},"type":"cond-expr","locations":[{"start":{"line":11,"column":70},"end":{"line":11,"column":73}},{"start":{"line":11,"column":76},"end":{"line":11,"column":92}}],"line":11},"1":{"loc":{"start":{"line":11,"column":46},"end":{"line":11,"column":67}},"type":"binary-expr","locations":[{"start":{"line":11,"column":46},"end":{"line":11,"column":49}},{"start":{"line":11,"column":53},"end":{"line":11,"column":67}}],"line":11},"2":{"loc":{"start":{"line":32,"column":23},"end":{"line":32,"column":101}},"type":"cond-expr","locations":[{"start":{"line":32,"column":62},"end":{"line":32,"column":84}},{"start":{"line":32,"column":87},"end":{"line":32,"column":101}}],"line":32},"3":{"loc":{"start":{"line":39,"column":11},"end":{"line":39,"column":29}},"type":"binary-expr","locations":[{"start":{"line":39,"column":11},"end":{"line":39,"column":23}},{"start":{"line":39,"column":27},"end":{"line":39,"column":29}}],"line":39}},"s":{"0":0,"1":0,"2":0,"3":0,"4":0,"5":0,"6":0,"7":0,"8":0,"9":0,"10":0,"11":0,"12":0,"13":0,"14":0,"15":0,"16":0,"17":0},"f":{"0":0,"1":0,"2":0,"3":0,"4":0,"5":0},"b":{"0":[0,0],"1":[0,0],"2":[0,0],"3":[0,0]}}
,"/Users/mattshull/Documents/Projects/nuxt-starter-kit-v2/pages/index.vue": {"path":"/Users/mattshull/Documents/Projects/nuxt-starter-kit-v2/pages/index.vue","statementMap":{"0":{"start":{"line":2,"column":0},"end":{"line":null,"column":-1}},"1":{"start":{"line":4,"column":15},"end":{"line":null,"column":-1}},"2":{"start":{"line":6,"column":10},"end":{"line":4,"column":15}},"3":{"start":{"line":10,"column":4},"end":{"line":null,"column":-1}}},"fnMap":{"0":{"name":"(anonymous_7)","decl":{"start":{"line":4,"column":15},"end":{"line":null,"column":-1}},"loc":{"start":{"line":4,"column":15},"end":{"line":null,"column":-1}}},"1":{"name":"head","decl":{"start":{"line":4,"column":15},"end":{"line":9,"column":9}},"loc":{"start":{"line":9,"column":10},"end":{"line":13,"column":3}}}},"branchMap":{"0":{"loc":{"start":{"line":4,"column":15},"end":{"line":null,"column":-1}},"type":"switch","locations":[{"start":{"line":4,"column":15},"end":{"line":null,"column":-1}},{"start":{"line":4,"column":15},"end":{"line":null,"column":-1}},{"start":{"line":4,"column":15},"end":{"line":null,"column":-1}},{"start":{"line":4,"column":15},"end":{"line":null,"column":-1}}]}},"s":{"0":1,"1":2,"2":0,"3":0},"f":{"0":1,"1":0},"b":{"0":[0,0,0,0]}}
}
