{"/home/jefrydco/Projects/Github/nuxt-starter-kit-v2/components/AdminNav.vue": {"path":"/home/jefrydco/Projects/Github/nuxt-starter-kit-v2/components/AdminNav.vue","statementMap":{"0":{"start":{"line":2,"column":0},"end":{"line":null,"column":-1}},"1":{"start":{"line":17,"column":6},"end":{"line":null,"column":-1}}},"fnMap":{"0":{"name":"logout","decl":{"start":{"line":16,"column":12},"end":{"line":16,"column":17}},"loc":{"start":{"line":16,"column":18},"end":{"line":18,"column":5}}}},"branchMap":{},"s":{"0":0,"1":0},"f":{"0":0},"b":{}}
,"/home/jefrydco/Projects/Github/nuxt-starter-kit-v2/components/Button.vue": {"path":"/home/jefrydco/Projects/Github/nuxt-starter-kit-v2/components/Button.vue","statementMap":{"0":{"start":{"line":6,"column":15},"end":{"line":null,"column":-1}},"1":{"start":{"line":6,"column":21},"end":{"line":null,"column":-1}}},"fnMap":{"0":{"name":"_default","decl":{"start":{"line":6,"column":15},"end":{"line":null,"column":-1}},"loc":{"start":{"line":6,"column":15},"end":{"line":null,"column":-1}}},"1":{"name":"(anonymous_1)","decl":{"start":{"line":6,"column":21},"end":{"line":null,"column":-1}},"loc":{"start":{"line":6,"column":21},"end":{"line":6,"column":15}}}},"branchMap":{},"s":{"0":4,"1":0},"f":{"0":4,"1":0},"b":{}}
,"/home/jefrydco/Projects/Github/nuxt-starter-kit-v2/layouts/default.vue": {"path":"/home/jefrydco/Projects/Github/nuxt-starter-kit-v2/layouts/default.vue","statementMap":{"0":{"start":{"line":2,"column":0},"end":{"line":null,"column":-1}}},"fnMap":{},"branchMap":{},"s":{"0":1},"f":{},"b":{}}
,"/home/jefrydco/Projects/Github/nuxt-starter-kit-v2/pages/_id.vue": {"path":"/home/jefrydco/Projects/Github/nuxt-starter-kit-v2/pages/_id.vue","statementMap":{"0":{"start":{"line":2,"column":0},"end":{"line":null,"column":-1}},"1":{"start":{"line":6,"column":31},"end":{"line":6,"column":30}},"2":{"start":{"line":7,"column":4},"end":{"line":null,"column":-1}},"3":{"start":{"line":7,"column":64},"end":{"line":null,"column":-1}},"4":{"start":{"line":8,"column":6},"end":{"line":null,"column":-1}},"5":{"start":{"line":12,"column":4},"end":{"line":null,"column":-1}}},"fnMap":{"0":{"name":"asyncData","decl":{"start":{"line":4,"column":15},"end":{"line":6,"column":30}},"loc":{"start":{"line":6,"column":31},"end":{"line":4,"column":15}}},"1":{"name":"(anonymous_2)","decl":{"start":{"line":7,"column":53},"end":{"line":7,"column":53}},"loc":{"start":{"line":7,"column":62},"end":{"line":7,"column":11}}},"2":{"name":"(anonymous_3)","decl":{"start":{"line":7,"column":100},"end":{"line":7,"column":105}},"loc":{"start":{"line":7,"column":106},"end":{"line":7,"column":11}}},"3":{"name":"head","decl":{"start":{"line":4,"column":15},"end":{"line":11,"column":8}},"loc":{"start":{"line":11,"column":9},"end":{"line":15,"column":3}}}},"branchMap":{},"s":{"0":0,"1":0,"2":0,"3":0,"4":0,"5":0},"f":{"0":0,"1":0,"2":0,"3":0},"b":{}}
,"/home/jefrydco/Projects/Github/nuxt-starter-kit-v2/pages/index.vue": {"path":"/home/jefrydco/Projects/Github/nuxt-starter-kit-v2/pages/index.vue","statementMap":{"0":{"start":{"line":6,"column":4},"end":{"line":null,"column":-1}},"1":{"start":{"line":11,"column":4},"end":{"line":null,"column":-1}},"2":{"start":{"line":16,"column":29},"end":{"line":16,"column":28}},"3":{"start":{"line":17,"column":4},"end":{"line":19,"column":5}},"4":{"start":{"line":18,"column":6},"end":{"line":null,"column":-1}},"5":{"start":{"line":20,"column":4},"end":{"line":null,"column":-1}},"6":{"start":{"line":22,"column":11},"end":{"line":null,"column":-1}},"7":{"start":{"line":29,"column":8},"end":{"line":null,"column":-1}},"8":{"start":{"line":30,"column":8},"end":{"line":null,"column":-1}},"9":{"start":{"line":31,"column":8},"end":{"line":null,"column":-1}},"10":{"start":{"line":34,"column":8},"end":{"line":null,"column":-1}}},"fnMap":{"0":{"name":"head","decl":{"start":{"line":4,"column":15},"end":{"line":5,"column":8}},"loc":{"start":{"line":5,"column":9},"end":{"line":4,"column":15}}},"1":{"name":"data","decl":{"start":{"line":4,"column":15},"end":{"line":10,"column":8}},"loc":{"start":{"line":10,"column":9},"end":{"line":4,"column":15}}},"2":{"name":"fetch","decl":{"start":{"line":4,"column":15},"end":{"line":16,"column":28}},"loc":{"start":{"line":16,"column":29},"end":{"line":4,"column":15}}},"3":{"name":"(anonymous_9)","decl":{"start":{"line":22,"column":11},"end":{"line":null,"column":-1}},"loc":{"start":{"line":22,"column":11},"end":{"line":null,"column":-1}}}},"branchMap":{"0":{"loc":{"start":{"line":17,"column":4},"end":{"line":19,"column":5}},"type":"if","locations":[{"start":{"line":17,"column":4},"end":{"line":19,"column":5}},{"start":{"line":17,"column":4},"end":{"line":19,"column":5}}]},"1":{"loc":{"start":{"line":22,"column":11},"end":{"line":null,"column":-1}},"type":"switch","locations":[{"start":{"line":22,"column":11},"end":{"line":null,"column":-1}},{"start":{"line":22,"column":11},"end":{"line":null,"column":-1}},{"start":{"line":22,"column":11},"end":{"line":34,"column":8}},{"start":{"line":22,"column":11},"end":{"line":null,"column":-1}},{"start":{"line":22,"column":11},"end":{"line":null,"column":-1}}]}},"s":{"0":0,"1":1,"2":0,"3":0,"4":0,"5":0,"6":2,"7":0,"8":0,"9":0,"10":0},"f":{"0":0,"1":1,"2":0,"3":1},"b":{"0":[0,0],"1":[0,0,0,0,0]}}
,"/home/jefrydco/Projects/Github/nuxt-starter-kit-v2/pages/admin/index.vue": {"path":"/home/jefrydco/Projects/Github/nuxt-starter-kit-v2/pages/admin/index.vue","statementMap":{"0":{"start":{"line":2,"column":0},"end":{"line":null,"column":-1}},"1":{"start":{"line":3,"column":0},"end":{"line":null,"column":-1}},"2":{"start":{"line":10,"column":29},"end":{"line":10,"column":28}},"3":{"start":{"line":11,"column":4},"end":{"line":13,"column":5}},"4":{"start":{"line":12,"column":6},"end":{"line":null,"column":-1}},"5":{"start":{"line":14,"column":4},"end":{"line":null,"column":-1}},"6":{"start":{"line":16,"column":11},"end":{"line":null,"column":-1}},"7":{"start":{"line":20,"column":8},"end":{"line":null,"column":-1}},"8":{"start":{"line":23,"column":8},"end":{"line":null,"column":-1}},"9":{"start":{"line":27,"column":12},"end":{"line":null,"column":-1}},"10":{"start":{"line":28,"column":4},"end":{"line":null,"column":-1}},"11":{"start":{"line":29,"column":6},"end":{"line":null,"column":-1}}},"fnMap":{"0":{"name":"fetch","decl":{"start":{"line":5,"column":15},"end":{"line":10,"column":28}},"loc":{"start":{"line":10,"column":29},"end":{"line":5,"column":15}}},"1":{"name":"(anonymous_8)","decl":{"start":{"line":16,"column":11},"end":{"line":null,"column":-1}},"loc":{"start":{"line":16,"column":11},"end":{"line":null,"column":-1}}},"2":{"name":"mounted","decl":{"start":{"line":5,"column":15},"end":{"line":27,"column":11}},"loc":{"start":{"line":27,"column":12},"end":{"line":31,"column":3}}},"3":{"name":"(anonymous_13)","decl":{"start":{"line":28,"column":27},"end":{"line":28,"column":32}},"loc":{"start":{"line":28,"column":33},"end":{"line":28,"column":4}}}},"branchMap":{"0":{"loc":{"start":{"line":11,"column":4},"end":{"line":13,"column":5}},"type":"if","locations":[{"start":{"line":11,"column":4},"end":{"line":13,"column":5}},{"start":{"line":11,"column":4},"end":{"line":13,"column":5}}]},"1":{"loc":{"start":{"line":16,"column":11},"end":{"line":null,"column":-1}},"type":"switch","locations":[{"start":{"line":16,"column":11},"end":{"line":null,"column":-1}},{"start":{"line":16,"column":11},"end":{"line":null,"column":-1}},{"start":{"line":16,"column":11},"end":{"line":23,"column":8}},{"start":{"line":16,"column":11},"end":{"line":null,"column":-1}},{"start":{"line":16,"column":11},"end":{"line":null,"column":-1}}]}},"s":{"0":0,"1":0,"2":0,"3":0,"4":0,"5":0,"6":0,"7":0,"8":0,"9":0,"10":0,"11":0},"f":{"0":0,"1":0,"2":0,"3":0},"b":{"0":[0,0],"1":[0,0,0,0,0]}}
}
