TN:
SF:/Users/mattshull/Documents/Projects/nuxt-starter-kit-v2/components/Button.vue
FN:6,_default
FN:6,(anonymous_1)
FNF:2
FNH:1
FNDA:4,_default
FNDA:0,(anonymous_1)
DA:6,4
LF:1
LH:1
BRF:0
BRH:0
end_of_record
TN:
SF:/Users/mattshull/Documents/Projects/nuxt-starter-kit-v2/layouts/default.vue
FNF:0
FNH:0
DA:2,1
LF:1
LH:1
BRF:0
BRH:0
end_of_record
TN:
SF:/Users/mattshull/Documents/Projects/nuxt-starter-kit-v2/layouts/error.vue
FN:12,render
FNF:1
FNH:0
FNDA:0,render
DA:3,0
DA:6,0
DA:10,0
DA:12,0
DA:13,0
DA:15,0
DA:17,0
DA:19,0
DA:39,0
LF:9
LH:0
BRDA:10,0,0,0
BRDA:10,0,1,0
BRDA:17,1,0,0
BRDA:17,1,1,0
BRDA:31,2,0,0
BRDA:31,2,1,0
BRF:6
BRH:0
end_of_record
TN:
SF:/Users/mattshull/Documents/Projects/nuxt-starter-kit-v2/pages/_id.vue
FN:11,_interopRequireDefault
FN:15,asyncData
FN:19,(anonymous_2)
FN:21,(anonymous_3)
FN:25,head
FN:34,render
FNF:6
FNH:0
FNDA:0,_interopRequireDefault
FNDA:0,asyncData
FNDA:0,(anonymous_2)
FNDA:0,(anonymous_3)
FNDA:0,head
FNDA:0,render
DA:3,0
DA:7,0
DA:9,0
DA:11,0
DA:13,0
DA:16,0
DA:17,0
DA:19,0
DA:20,0
DA:22,0
DA:26,0
DA:32,0
DA:34,0
DA:35,0
DA:37,0
DA:39,0
DA:41,0
DA:61,0
LF:18
LH:0
BRDA:11,0,0,0
BRDA:11,0,1,0
BRDA:11,1,0,0
BRDA:11,1,1,0
BRDA:32,2,0,0
BRDA:32,2,1,0
BRDA:39,3,0,0
BRDA:39,3,1,0
BRF:8
BRH:0
end_of_record
TN:
SF:/Users/mattshull/Documents/Projects/nuxt-starter-kit-v2/pages/index.vue
FN:4,(anonymous_7)
FN:4,head
FNF:2
FNH:1
FNDA:1,(anonymous_7)
FNDA:0,head
DA:2,1
DA:4,2
DA:6,0
DA:10,0
LF:4
LH:2
BRDA:4,0,0,0
BRDA:4,0,1,0
BRDA:4,0,2,0
BRDA:4,0,3,0
BRF:4
BRH:0
end_of_record
