TN:
SF:/home/jefrydco/Projects/Github/nuxt-starter-kit-v2/components/AdminNav.vue
FN:16,logout
FNF:1
FNH:0
FNDA:0,logout
DA:2,0
DA:17,0
LF:2
LH:0
BRF:0
BRH:0
end_of_record
TN:
SF:/home/jefrydco/Projects/Github/nuxt-starter-kit-v2/components/Button.vue
FN:6,_default
FN:6,(anonymous_1)
FNF:2
FNH:1
FNDA:4,_default
FNDA:0,(anonymous_1)
DA:6,4
LF:1
LH:1
BRF:0
BRH:0
end_of_record
TN:
SF:/home/jefrydco/Projects/Github/nuxt-starter-kit-v2/layouts/default.vue
FNF:0
FNH:0
DA:2,1
LF:1
LH:1
BRF:0
BRH:0
end_of_record
TN:
SF:/home/jefrydco/Projects/Github/nuxt-starter-kit-v2/pages/_id.vue
FN:4,asyncData
FN:7,(anonymous_2)
FN:7,(anonymous_3)
FN:4,head
FNF:4
FNH:0
FNDA:0,asyncData
FNDA:0,(anonymous_2)
FNDA:0,(anonymous_3)
FNDA:0,head
DA:2,0
DA:6,0
DA:7,0
DA:8,0
DA:12,0
LF:5
LH:0
BRF:0
BRH:0
end_of_record
TN:
SF:/home/jefrydco/Projects/Github/nuxt-starter-kit-v2/pages/index.vue
FN:4,head
FN:4,data
FN:4,fetch
FN:22,(anonymous_9)
FNF:4
FNH:2
FNDA:0,head
FNDA:1,data
FNDA:0,fetch
FNDA:1,(anonymous_9)
DA:6,0
DA:11,1
DA:16,0
DA:17,0
DA:18,0
DA:20,0
DA:22,2
DA:29,0
DA:30,0
DA:31,0
DA:34,0
LF:11
LH:2
BRDA:17,0,0,0
BRDA:17,0,1,0
BRDA:22,1,0,0
BRDA:22,1,1,0
BRDA:22,1,2,0
BRDA:22,1,3,0
BRDA:22,1,4,0
BRF:7
BRH:0
end_of_record
TN:
SF:/home/jefrydco/Projects/Github/nuxt-starter-kit-v2/pages/admin/index.vue
FN:5,fetch
FN:16,(anonymous_8)
FN:5,mounted
FN:28,(anonymous_13)
FNF:4
FNH:0
FNDA:0,fetch
FNDA:0,(anonymous_8)
FNDA:0,mounted
FNDA:0,(anonymous_13)
DA:2,0
DA:3,0
DA:10,0
DA:11,0
DA:12,0
DA:14,0
DA:16,0
DA:20,0
DA:23,0
DA:27,0
DA:28,0
DA:29,0
LF:12
LH:0
BRDA:11,0,0,0
BRDA:11,0,1,0
BRDA:16,1,0,0
BRDA:16,1,1,0
BRDA:16,1,2,0
BRDA:16,1,3,0
BRDA:16,1,4,0
BRF:7
BRH:0
end_of_record
